<html>
<body>
<pre>
<h1>Vision Build Log</h1>
<h2>Tool Versions:</h2>
IDE-Version: μVision V5.25.2.0
Copyright (C) 2018 ARM Ltd and ARM Germany GmbH. All rights reserved.
License Information: h Windows, HP Inc., LIC=PE72Z-JCBQ7-8FHIE-5YMGD-C1LVI-W7P5W
 
Tool Versions:
Toolchain:       MDK-ARM Plus  Version: 5.25.2.0
Toolchain Path:  G:\keil\mdk\ARM\ARMCC\Bin
C Compiler:      Armcc.exe V5.06 update 6 (build 750)
Assembler:       Armasm.exe V5.06 update 6 (build 750)
Linker/Locator:  ArmLink.exe V5.06 update 6 (build 750)
Library Manager: ArmAr.exe V5.06 update 6 (build 750)
Hex Converter:   FromElf.exe V5.06 update 6 (build 750)
CPU DLL:         SARMCM3.DLL V5.25.2.0
Dialog DLL:      DARMSTM.DLL V1.68.0.0
Target DLL:      STLink\ST-LINKIII-KEIL_SWO.dll V3.0.1.0
Dialog DLL:      TARMSTM.DLL V1.66.0.0
 
<h2>Project:</h2>
C:\Users\50205\Desktop\实验33 摄像头实验\USER\OV7670_OV7725.uvprojx
Project File Date:  08/19/2018

<h2>Output:</h2>
*** Using Compiler 'V5.06 update 6 (build 750)', folder: 'G:\keil\mdk\ARM\ARMCC\Bin'
Rebuild target 'OV7670_OV7725'
compiling stm32f10x_it.c...
compiling main.c...
main.c(92): error:  #268: declaration may not appear after executable statement in block
   int main(void)
main.c(93): error:  #65: expected a ";"
   {	 
main.c(115): warning:  #12-D: parsing restarts here after previous syntax error
  			sensor=OV7725;
main.c(119): error:  #20: identifier "key" is undefined
  				key=KEY_Scan(0);//你他妈的键盘扫描，非得弄的如此复杂
main.c(138): error:  #20: identifier "lightmode" is undefined
  			OV7725_Light_Mode(lightmode);
main.c(139): error:  #20: identifier "saturation" is undefined
  			OV7725_Color_Saturation(saturation);
main.c(140): error:  #20: identifier "brightness" is undefined
  			OV7725_Brightness(brightness);
main.c(141): error:  #20: identifier "contrast" is undefined
  			OV7725_Contrast(contrast);
main.c(142): error:  #20: identifier "effect" is undefined
  			OV7725_Special_Effects(effect);
main.c(144): error:  #116: a break statement may only be used within a loop or switch
  			break;
main.c(145): error:  #169: expected a declaration
  		}else if(OV7670_Init()==0)
main.c(167): warning:  #12-D: parsing restarts here after previous syntax error
  	TIM6_Int_Init(10000,7199);			//10Khz计数频率,1秒钟中断									  
main.c(168): warning:  #1295-D: Deprecated declaration EXTI8_Init - give arg types
  	EXTI8_Init();						//使能外部中断8,捕获帧中断			
main.c(168): warning:  #77-D: this declaration has no storage class or type specifier
  	EXTI8_Init();						//使能外部中断8,捕获帧中断			
main.c(168): error:  #147: declaration is incompatible with "void EXTI8_Init(void)"  (declared at line 22 of "..\HARDWARE\EXTI\exti.h")
  	EXTI8_Init();						//使能外部中断8,捕获帧中断			
main.c(169): error:  #79: expected a type specifier
  	LCD_Clear(BLACK);						 	 
main.c(169): warning:  #77-D: this declaration has no storage class or type specifier
  	LCD_Clear(BLACK);						 	 
main.c(169): error:  #147: declaration is incompatible with "void LCD_Clear(u16)"  (declared at line 157 of "..\HARDWARE\LCD\lcd.h")
  	LCD_Clear(BLACK);						 	 
main.c(170): error:  #169: expected a declaration
   	while(1)
main.c(192): warning:  #12-D: parsing restarts here after previous syntax error
  					saturation++;
main.c(193): error:  #169: expected a declaration
  					if(sensor==OV7725)
main.c(204): warning:  #12-D: parsing restarts here after previous syntax error
  					sprintf((char*)msgbuf,"Saturation:%d",saturation);
main.c(205): error:  #169: expected a declaration
  					break;
main.c(206): error:  #169: expected a declaration
  				case WKUP_PRES:	//对比度Contrast			    
main.c(208): error:  #169: expected a declaration
  					if(sensor==OV7725)
main.c(219): warning:  #12-D: parsing restarts here after previous syntax error
  					sprintf((char*)msgbuf,"Contrast:%d",contrast);
main.c(220): error:  #169: expected a declaration
  					break;
main.c(221): error:  #169: expected a declaration
  			}
main.c(232): warning:  #12-D: parsing restarts here after previous syntax error
  		if(sensor==OV7725)OV7725_camera_refresh();		//更新显示
main.c(233): error:  #169: expected a declaration
  		else if(sensor==OV7670)OV7670_camera_refresh();	//更新显示
main.c(234): error:  #169: expected a declaration
   		if(tm)
main.c(239): warning:  #12-D: parsing restarts here after previous syntax error
  		i++;
main.c(240): error:  #169: expected a declaration
  		if(i>=15)//DS0闪烁.
main.c(260): warning: At end of source:  #12-D: parsing restarts here after previous syntax error
main.c: 11 warnings, 23 errors
compiling system_stm32f10x.c...
compiling led.c...
compiling key.c...
compiling tpad.c...
compiling exti.c...
compiling lcd.c...
compiling timer.c...
compiling sccb.c...
compiling ov7670.c...
compiling ov7725.c...
compiling delay.c...
compiling sys.c...
compiling core_cm3.c...
assembling startup_stm32f10x_hd.s...
compiling usart.c...
compiling misc.c...
compiling stm32f10x_fsmc.c...
compiling stm32f10x_gpio.c...
compiling stm32f10x_rcc.c...
compiling stm32f10x_usart.c...
compiling stm32f10x_exti.c...
compiling usmart.c...
compiling usmart_config.c...
compiling stm32f10x_tim.c...
compiling usmart_str.c...
"..\OBJ\OV7670.axf" - 23 Error(s), 11 Warning(s).

<h2>Software Packages used:</h2>

Package Vendor: Keil
                http://www.keil.com/pack/Keil.STM32F1xx_DFP.2.2.0.pack
                Keil.STM32F1xx_DFP.2.2.0
                STMicroelectronics STM32F1 Series Device Support, Drivers and Examples

<h2>Collection of Component include folders:</h2>
  .\RTE\_OV7670_OV7725
  G:\keil\mdk\ARM\PACK\Keil\STM32F1xx_DFP\2.2.0\Device\Include

<h2>Collection of Component Files used:</h2>
Target not created.
Build Time Elapsed:  00:00:11
</pre>
</body>
</html>
